#
# There is insufficient memory for the Java Runtime Environment to continue.
# Native memory allocation (malloc) failed to allocate 1620656 bytes for Chunk::new
# Possible reasons:
#   The system is out of physical RAM or swap space
#   In 32 bit mode, the process size limit was hit
# Possible solutions:
#   Reduce memory load on the system
#   Increase physical memory or swap space
#   Check if swap backing store is full
#   Use 64 bit Java on a 64 bit OS
#   Decrease Java heap size (-Xmx/-Xms)
#   Decrease number of Java threads
#   Decrease Java thread stack sizes (-Xss)
#   Set larger code cache with -XX:ReservedCodeCacheSize=
# This output file may be truncated or incomplete.
#
#  Out of Memory Error (allocation.cpp:390), pid=11056, tid=544
#
# JRE version: Java(TM) SE Runtime Environment (8.0_73-b02) (build 1.8.0_73-b02)
# Java VM: Java HotSpot(TM) 64-Bit Server VM (25.73-b02 mixed mode windows-amd64 compressed oops)
# Failed to write core dump. Minidumps are not enabled by default on client versions of Windows
#

---------------  T H R E A D  ---------------

Current thread (0x0000000015fb3800):  JavaThread "C2 CompilerThread1" daemon [_thread_in_native, id=544, stack(0x0000000017720000,0x0000000017820000)]

Stack: [0x0000000017720000,0x0000000017820000]
[error occurred during error reporting (printing stack bounds), id 0xc0000005]

Native frames: (J=compiled Java code, j=interpreted, Vv=VM code, C=native code)


Current CompileTask:
C2:  10789 3701       4       org.gradle.model.internal.type.ModelType::wrap (219 bytes)


---------------  P R O C E S S  ---------------

Java Threads: ( => current thread )
  0x000000001925f800 JavaThread "File lock request listener" [_thread_in_native, id=15132, stack(0x000000001b970000,0x000000001ba70000)]
  0x0000000018b36000 JavaThread "Stdin handler" [_thread_blocked, id=15072, stack(0x000000001a6a0000,0x000000001a7a0000)]
  0x0000000018b1f800 JavaThread "Asynchronous log dispatcher for DefaultDaemonConnection: socket connection from /127.0.0.1:18760 to /127.0.0.1:18761" [_thread_blocked, id=11640, stack(0x000000001a5a0000,0x000000001a6a0000)]
  0x0000000018b3b800 JavaThread "Daemon worker" [_thread_in_Java, id=15460, stack(0x000000001a4a0000,0x000000001a5a0000)]
  0x0000000019101000 JavaThread "Cancel handler" [_thread_blocked, id=13624, stack(0x000000001a3a0000,0x000000001a4a0000)]
  0x0000000018f7a800 JavaThread "Handler for socket connection from /127.0.0.1:18760 to /127.0.0.1:18761" [_thread_in_native, id=17832, stack(0x000000001a2a0000,0x000000001a3a0000)]
  0x0000000018f79800 JavaThread "Daemon" [_thread_blocked, id=17088, stack(0x000000001a1a0000,0x000000001a2a0000)]
  0x0000000018f50000 JavaThread "Incoming local TCP Connector on port 18760" [_thread_in_native, id=12424, stack(0x0000000019d50000,0x0000000019e50000)]
  0x0000000018bc1800 JavaThread "pool-1-thread-1" [_thread_blocked, id=15728, stack(0x00000000196f0000,0x00000000197f0000)]
  0x000000001795a800 JavaThread "Service Thread" daemon [_thread_blocked, id=7464, stack(0x0000000017d20000,0x0000000017e20000)]
  0x0000000015fba000 JavaThread "C1 CompilerThread2" daemon [_thread_blocked, id=12292, stack(0x0000000017820000,0x0000000017920000)]
=>0x0000000015fb3800 JavaThread "C2 CompilerThread1" daemon [_thread_in_native, id=544, stack(0x0000000017720000,0x0000000017820000)]
  0x0000000015fb1000 JavaThread "C2 CompilerThread0" daemon [_thread_in_native, id=904, stack(0x0000000017620000,0x0000000017720000)]
  0x0000000015fb0000 JavaThread "Attach Listener" daemon [_thread_blocked, id=7420, stack(0x0000000017520000,0x0000000017620000)]
  0x0000000015fad000 JavaThread "Signal Dispatcher" daemon [_thread_blocked, id=9620, stack(0x0000000017420000,0x0000000017520000)]
  0x0000000002639800 JavaThread "Finalizer" daemon [_thread_blocked, id=9684, stack(0x0000000017210000,0x0000000017310000)]
  0x0000000002630800 JavaThread "Reference Handler" daemon [_thread_blocked, id=16684, stack(0x0000000017110000,0x0000000017210000)]
  0x0000000000cfe800 JavaThread "main" [_thread_blocked, id=15692, stack(0x0000000002430000,0x0000000002530000)]

Other Threads:
  0x0000000015f76800 VMThread [stack: 0x0000000017010000,0x0000000017110000] [id=15024]
  0x000000001795f000 WatcherThread [stack: 0x0000000017e20000,0x0000000017f20000] [id=16600]

VM state:not at safepoint (normal execution)

VM Mutex/Monitor currently owned by a thread: None

Heap:
 PSYoungGen      total 63488K, used 14441K [0x00000000e0000000, 0x00000000e4b00000, 0x0000000100000000)
  eden space 52224K, 19% used [0x00000000e0000000,0x00000000e09dc048,0x00000000e3300000)
  from space 11264K, 38% used [0x00000000e3e00000,0x00000000e423e618,0x00000000e4900000)
  to   space 11264K, 0% used [0x00000000e3300000,0x00000000e3300000,0x00000000e3e00000)
 ParOldGen       total 125440K, used 16900K [0x00000000a0000000, 0x00000000a7a80000, 0x00000000e0000000)
  object space 125440K, 13% used [0x00000000a0000000,0x00000000a1081020,0x00000000a7a80000)
 Metaspace       used 37399K, capacity 38134K, committed 38360K, reserved 1083392K
  class space    used 5101K, capacity 5316K, committed 5376K, reserved 1048576K

Card table byte_map: [0x0000000011a00000,0x0000000011d10000] byte_map_base: 0x0000000011500000

Marking Bits: (ParMarkBitMap*) 0x0000000067da0600
 Begin Bits: [0x0000000012310000, 0x0000000013b10000)
 End Bits:   [0x0000000013b10000, 0x0000000015310000)

Polling page: 0x0000000000c50000

CodeCache: size=245760Kb used=13503Kb max_used=13503Kb free=232256Kb
 bounds [0x0000000002640000, 0x0000000003380000, 0x0000000011640000]
 total_blobs=4388 nmethods=3676 adapters=623
 compilation: enabled

Compilation events (10 events):
Event: 10.756 Thread 0x0000000015fba000 3895       2       sun.security.util.SignatureFileVerifier::matches (93 bytes)
Event: 10.757 Thread 0x0000000015fba000 nmethod 3895 0x0000000003375bd0 code [0x0000000003375da0, 0x0000000003376518]
Event: 10.757 Thread 0x0000000015fba000 3897       2       java.security.Provider$ServiceKey::<init> (8 bytes)
Event: 10.757 Thread 0x0000000015fba000 nmethod 3897 0x0000000003376d10 code [0x0000000003376e80, 0x0000000003376fe8]
Event: 10.757 Thread 0x0000000015fba000 3896       2       java.security.Provider::checkInitialized (16 bytes)
Event: 10.758 Thread 0x0000000015fba000 nmethod 3896 0x0000000003377090 code [0x0000000003377200, 0x0000000003377408]
Event: 10.770 Thread 0x0000000015fba000 3900       2       java.util.jar.Manifest::read (328 bytes)
Event: 10.772 Thread 0x0000000015fba000 nmethod 3900 0x0000000003377890 code [0x0000000003377b40, 0x0000000003378a58]
Event: 10.781 Thread 0x0000000015fba000 3904       2       sun.security.util.DerInputStream::available (8 bytes)
Event: 10.781 Thread 0x0000000015fba000 nmethod 3904 0x0000000003379510 code [0x0000000003379660, 0x0000000003379950]

GC Heap History (10 events):
Event: 8.181 GC heap before
{Heap before GC invocations=8 (full 1):
 PSYoungGen      total 49664K, used 45584K [0x00000000e0000000, 0x00000000e3b80000, 0x0000000100000000)
  eden space 39424K, 100% used [0x00000000e0000000,0x00000000e2680000,0x00000000e2680000)
  from space 10240K, 60% used [0x00000000e3180000,0x00000000e3784018,0x00000000e3b80000)
  to   space 10752K, 0% used [0x00000000e2680000,0x00000000e2680000,0x00000000e3100000)
 ParOldGen       total 76288K, used 9554K [0x00000000a0000000, 0x00000000a4a80000, 0x00000000e0000000)
  object space 76288K, 12% used [0x00000000a0000000,0x00000000a09549c8,0x00000000a4a80000)
 Metaspace       used 29620K, capacity 30168K, committed 30464K, reserved 1075200K
  class space    used 4144K, capacity 4308K, committed 4352K, reserved 1048576K
Event: 8.193 GC heap after
Heap after GC invocations=8 (full 1):
 PSYoungGen      total 50176K, used 6489K [0x00000000e0000000, 0x00000000e4180000, 0x0000000100000000)
  eden space 39424K, 0% used [0x00000000e0000000,0x00000000e0000000,0x00000000e2680000)
  from space 10752K, 60% used [0x00000000e2680000,0x00000000e2cd65f8,0x00000000e3100000)
  to   space 10240K, 0% used [0x00000000e3780000,0x00000000e3780000,0x00000000e4180000)
 ParOldGen       total 76288K, used 9626K [0x00000000a0000000, 0x00000000a4a80000, 0x00000000e0000000)
  object space 76288K, 12% used [0x00000000a0000000,0x00000000a09669d8,0x00000000a4a80000)
 Metaspace       used 29620K, capacity 30168K, committed 30464K, reserved 1075200K
  class space    used 4144K, capacity 4308K, committed 4352K, reserved 1048576K
}
Event: 9.658 GC heap before
{Heap before GC invocations=9 (full 1):
 PSYoungGen      total 50176K, used 45913K [0x00000000e0000000, 0x00000000e4180000, 0x0000000100000000)
  eden space 39424K, 100% used [0x00000000e0000000,0x00000000e2680000,0x00000000e2680000)
  from space 10752K, 60% used [0x00000000e2680000,0x00000000e2cd65f8,0x00000000e3100000)
  to   space 10240K, 0% used [0x00000000e3780000,0x00000000e3780000,0x00000000e4180000)
 ParOldGen       total 76288K, used 9626K [0x00000000a0000000, 0x00000000a4a80000, 0x00000000e0000000)
  object space 76288K, 12% used [0x00000000a0000000,0x00000000a09669d8,0x00000000a4a80000)
 Metaspace       used 30324K, capacity 30914K, committed 31104K, reserved 1075200K
  class space    used 4224K, capacity 4385K, committed 4480K, reserved 1048576K
Event: 9.670 GC heap after
Heap after GC invocations=9 (full 1):
 PSYoungGen      total 54784K, used 6866K [0x00000000e0000000, 0x00000000e4000000, 0x0000000100000000)
  eden space 46080K, 0% used [0x00000000e0000000,0x00000000e0000000,0x00000000e2d00000)
  from space 8704K, 78% used [0x00000000e3780000,0x00000000e3e34970,0x00000000e4000000)
  to   space 9728K, 0% used [0x00000000e2d00000,0x00000000e2d00000,0x00000000e3680000)
 ParOldGen       total 76288K, used 9626K [0x00000000a0000000, 0x00000000a4a80000, 0x00000000e0000000)
  object space 76288K, 12% used [0x00000000a0000000,0x00000000a09669d8,0x00000000a4a80000)
 Metaspace       used 30324K, capacity 30914K, committed 31104K, reserved 1075200K
  class space    used 4224K, capacity 4385K, committed 4480K, reserved 1048576K
}
Event: 10.169 GC heap before
{Heap before GC invocations=10 (full 1):
 PSYoungGen      total 54784K, used 37247K [0x00000000e0000000, 0x00000000e4000000, 0x0000000100000000)
  eden space 46080K, 65% used [0x00000000e0000000,0x00000000e1dab5d0,0x00000000e2d00000)
  from space 8704K, 78% used [0x00000000e3780000,0x00000000e3e34970,0x00000000e4000000)
  to   space 9728K, 0% used [0x00000000e2d00000,0x00000000e2d00000,0x00000000e3680000)
 ParOldGen       total 76288K, used 9626K [0x00000000a0000000, 0x00000000a4a80000, 0x00000000e0000000)
  object space 76288K, 12% used [0x00000000a0000000,0x00000000a09669d8,0x00000000a4a80000)
 Metaspace       used 34569K, capacity 35266K, committed 35416K, reserved 1079296K
  class space    used 4757K, capacity 4948K, committed 4992K, reserved 1048576K
Event: 10.183 GC heap after
Heap after GC invocations=10 (full 1):
 PSYoungGen      total 55808K, used 9709K [0x00000000e0000000, 0x00000000e4900000, 0x0000000100000000)
  eden space 46080K, 0% used [0x00000000e0000000,0x00000000e0000000,0x00000000e2d00000)
  from space 9728K, 99% used [0x00000000e2d00000,0x00000000e367b668,0x00000000e3680000)
  to   space 11264K, 0% used [0x00000000e3e00000,0x00000000e3e00000,0x00000000e4900000)
 ParOldGen       total 76288K, used 10454K [0x00000000a0000000, 0x00000000a4a80000, 0x00000000e0000000)
  object space 76288K, 13% used [0x00000000a0000000,0x00000000a0a35960,0x00000000a4a80000)
 Metaspace       used 34569K, capacity 35266K, committed 35416K, reserved 1079296K
  class space    used 4757K, capacity 4948K, committed 4992K, reserved 1048576K
}
Event: 10.183 GC heap before
{Heap before GC invocations=11 (full 2):
 PSYoungGen      total 55808K, used 9709K [0x00000000e0000000, 0x00000000e4900000, 0x0000000100000000)
  eden space 46080K, 0% used [0x00000000e0000000,0x00000000e0000000,0x00000000e2d00000)
  from space 9728K, 99% used [0x00000000e2d00000,0x00000000e367b668,0x00000000e3680000)
  to   space 11264K, 0% used [0x00000000e3e00000,0x00000000e3e00000,0x00000000e4900000)
 ParOldGen       total 76288K, used 10454K [0x00000000a0000000, 0x00000000a4a80000, 0x00000000e0000000)
  object space 76288K, 13% used [0x00000000a0000000,0x00000000a0a35960,0x00000000a4a80000)
 Metaspace       used 34569K, capacity 35266K, committed 35416K, reserved 1079296K
  class space    used 4757K, capacity 4948K, committed 4992K, reserved 1048576K
Event: 10.267 GC heap after
Heap after GC invocations=11 (full 2):
 PSYoungGen      total 55808K, used 0K [0x00000000e0000000, 0x00000000e4900000, 0x0000000100000000)
  eden space 46080K, 0% used [0x00000000e0000000,0x00000000e0000000,0x00000000e2d00000)
  from space 9728K, 0% used [0x00000000e2d00000,0x00000000e2d00000,0x00000000e3680000)
  to   space 11264K, 0% used [0x00000000e3e00000,0x00000000e3e00000,0x00000000e4900000)
 ParOldGen       total 125440K, used 16892K [0x00000000a0000000, 0x00000000a7a80000, 0x00000000e0000000)
  object space 125440K, 13% used [0x00000000a0000000,0x00000000a107f020,0x00000000a7a80000)
 Metaspace       used 34569K, capacity 35266K, committed 35416K, reserved 1079296K
  class space    used 4757K, capacity 4948K, committed 4992K, reserved 1048576K
}
Event: 10.760 GC heap before
{Heap before GC invocations=12 (full 2):
 PSYoungGen      total 55808K, used 46080K [0x00000000e0000000, 0x00000000e4900000, 0x0000000100000000)
  eden space 46080K, 100% used [0x00000000e0000000,0x00000000e2d00000,0x00000000e2d00000)
  from space 9728K, 0% used [0x00000000e2d00000,0x00000000e2d00000,0x00000000e3680000)
  to   space 11264K, 0% used [0x00000000e3e00000,0x00000000e3e00000,0x00000000e4900000)
 ParOldGen       total 125440K, used 16892K [0x00000000a0000000, 0x00000000a7a80000, 0x00000000e0000000)
  object space 125440K, 13% used [0x00000000a0000000,0x00000000a107f020,0x00000000a7a80000)
 Metaspace       used 37398K, capacity 38134K, committed 38360K, reserved 1083392K
  class space    used 5101K, capacity 5316K, committed 5376K, reserved 1048576K
Event: 10.767 GC heap after
Heap after GC invocations=12 (full 2):
 PSYoungGen      total 63488K, used 4345K [0x00000000e0000000, 0x00000000e4b00000, 0x0000000100000000)
  eden space 52224K, 0% used [0x00000000e0000000,0x00000000e0000000,0x00000000e3300000)
  from space 11264K, 38% used [0x00000000e3e00000,0x00000000e423e618,0x00000000e4900000)
  to   space 11264K, 0% used [0x00000000e3300000,0x00000000e3300000,0x00000000e3e00000)
 ParOldGen       total 125440K, used 16900K [0x00000000a0000000, 0x00000000a7a80000, 0x00000000e0000000)
  object space 125440K, 13% used [0x00000000a0000000,0x00000000a1081020,0x00000000a7a80000)
 Metaspace       used 37398K, capacity 38134K, committed 38360K, reserved 1083392K
  class space    used 5101K, capacity 5316K, committed 5376K, reserved 1048576K
}

Deoptimization events (10 events):
Event: 9.960 Thread 0x0000000018b3b800 Uncommon trap: reason=bimorphic action=maybe_recompile pc=0x0000000002d9f034 method=java.security.MessageDigest$Delegate.engineUpdate([BII)V @ 7
Event: 10.169 Thread 0x0000000018b3b800 Uncommon trap: reason=unstable_if action=reinterpret pc=0x0000000002f126b8 method=java.util.HashMap.putVal(ILjava/lang/Object;Ljava/lang/Object;ZZ)Ljava/lang/Object; @ 162
Event: 10.169 Thread 0x0000000018b3b800 Uncommon trap: reason=unstable_if action=reinterpret pc=0x0000000002f11968 method=java.util.HashMap.putVal(ILjava/lang/Object;Ljava/lang/Object;ZZ)Ljava/lang/Object; @ 162
Event: 10.269 Thread 0x0000000018b3b800 Uncommon trap: reason=unstable_if action=reinterpret pc=0x000000000290630c method=java.util.HashMap.resize()[Ljava/util/HashMap$Node; @ 206
Event: 10.351 Thread 0x0000000018b3b800 Uncommon trap: reason=unstable_if action=reinterpret pc=0x00000000032a6014 method=java.lang.reflect.Modifier.toString(I)Ljava/lang/String; @ 123
Event: 10.357 Thread 0x0000000018b3b800 Uncommon trap: reason=unstable_if action=reinterpret pc=0x00000000032c5b90 method=java.lang.reflect.Modifier.toString(I)Ljava/lang/String; @ 123
Event: 10.698 Thread 0x0000000018b3b800 Uncommon trap: reason=unstable_if action=reinterpret pc=0x000000000278770c method=java.lang.ThreadLocal.get()Ljava/lang/Object; @ 11
Event: 10.735 Thread 0x0000000018b3b800 Uncommon trap: reason=unstable_if action=reinterpret pc=0x0000000002b1ae7c method=java.lang.CharacterDataLatin1.isWhitespace(I)Z @ 14
Event: 10.758 Thread 0x0000000018b3b800 Uncommon trap: reason=unstable_if action=reinterpret pc=0x0000000002e4c96c method=java.security.CodeSource.getCertificates()[Ljava/security/cert/Certificate; @ 22
Event: 10.781 Thread 0x0000000018b3b800 Uncommon trap: reason=unstable_if action=reinterpret pc=0x0000000002940e00 method=java.util.LinkedHashMap.get(Ljava/lang/Object;)Ljava/lang/Object; @ 20

Internal exceptions (10 events):
Event: 9.651 Thread 0x0000000018b3b800 Exception <a 'java/lang/ClassNotFoundException': build_4mt0evkx6i2qhr6qsu9z47m2wCustomizer> (0x00000000e2608228) thrown at [D:\re\puppet\workspace\8-2-build-windows-amd64-cygwin\jdk8u73\6086\hotspot\src\share\vm\classfile\systemDictionary.cpp, line 210]
Event: 10.614 Thread 0x0000000018b3b800 Exception <a 'java/lang/ClassNotFoundException': com/android/build/gradle/internal/api/DefaultAndroidSourceSet_DecoratedBeanInfo> (0x00000000e248e7b8) thrown at [D:\re\puppet\workspace\8-2-build-windows-amd64-cygwin\jdk8u73\6086\hotspot\src\share\vm\classfﬂ|Ï]:%@
Event: 10.614 Thread 0x0000000018b3b800 Exception <a 'java/lang/ClassNotFoundException': com/android/build/gradle/internal/api/DefaultAndroidSourceSetBeanInfo> (0x00000000e24a2448) thrown at [D:\re\puppet\workspace\8-2-build-windows-amd64-cygwin\jdk8u73\6086\hotspot\src\share\vm\classfile\systemdË∑£:%@
Event: 10.615 Thread 0x0000000018b3b800 Exception <a 'java/lang/ClassNotFoundException': com/android/build/gradle/internal/api/DefaultAndroidSourceSetCustomizer> (0x00000000e24b64c0) thrown at [D:\re\puppet\workspace\8-2-build-windows-amd64-cygwin\jdk8u73\6086\hotspot\src\share\vm\classfile\syst|∂]gq;%@
Event: 10.616 Thread 0x0000000018b3b800 Exception <a 'java/lang/ClassNotFoundException': com/android/build/gradle/internal/api/DefaultAndroidSourceSet_DecoratedCustomizer> (0x00000000e250a2c8) thrown at [D:\re\puppet\workspace\8-2-build-windows-amd64-cygwin\jdk8u73\6086\hotspot\src\share\vm\clas…ñkFU%@
Event: 10.667 Thread 0x0000000018b3b800 Exception <a 'java/lang/ClassNotFoundException': org/gradle/api/plugins/BasePluginConventionBeanInfo> (0x00000000e27f4118) thrown at [D:\re\puppet\workspace\8-2-build-windows-amd64-cygwin\jdk8u73\6086\hotspot\src\share\vm\classfile\systemDictionary.cpp, li
Event: 10.667 Thread 0x0000000018b3b800 Exception <a 'java/lang/ClassNotFoundException': org/gradle/api/plugins/BasePluginConventionCustomizer> (0x00000000e2828c68) thrown at [D:\re\puppet\workspace\8-2-build-windows-amd64-cygwin\jdk8u73\6086\hotspot\src\share\vm\classfile\systemDictionary.cpp, _Õ†%0W%@
Event: 10.670 Thread 0x0000000018b3b800 Exception <a 'java/lang/ClassNotFoundException': org/gradle/api/plugins/JavaPluginConventionBeanInfo> (0x00000000e289b1b8) thrown at [D:\re\puppet\workspace\8-2-build-windows-amd64-cygwin\jdk8u73\6086\hotspot\src\share\vm\classfile\systemDictionary.cpp, li
0îÛêW%@
Event: 10.671 Thread 0x0000000018b3b800 Exception <a 'java/lang/ClassNotFoundException': org/gradle/api/plugins/JavaPluginConventionCustomizer> (0x00000000e28cfc80) thrown at [D:\re\puppet\workspace\8-2-build-windows-amd64-cygwin\jdk8u73\6086\hotspot\src\share\vm\classfile\systemDictionary.cpp, gçde%@
Event: 10.698 Thread 0x0000000018b3b800 Implicit null exception at 0x0000000002787668 to 0x00000000027876f9

Events (10 events):
Event: 10.759 loading class java/security/cert/CertificateException done
Event: 10.759 loading class com/android/ide/common/signing/KeytoolException
Event: 10.759 loading class com/android/ide/common/signing/KeytoolException done
Event: 10.759 loading class org/bouncycastle/jce/provider/BouncyCastleProvider
Event: 10.759 loading class org/bouncycastle/jce/provider/BouncyCastleProvider done
Event: 10.759 Executing VM operation: ParallelGCFailedAllocation
Event: 10.767 Executing VM operation: ParallelGCFailedAllocation done
Event: 10.781 Thread 0x0000000018b3b800 Uncommon trap: trap_request=0xffffff65 fr.pc=0x0000000002940e00
Event: 10.781 Thread 0x0000000018b3b800 DEOPT PACKING pc=0x0000000002940e00 sp=0x000000001a598bd0
Event: 10.781 Thread 0x0000000018b3b800 DEOPT UNPACKING pc=0x000000000268582a sp=0x000000001a598b90 mode 2


Dynamic libraries:
0x00007ff7aee70000 - 0x00007ff7aeea7000 	C:\Android\Java_x64\jdk1.8.0_73\bin\java.exe
0x00007ffed2640000 - 0x00007ffed2811000 	C:\WINDOWS\SYSTEM32\ntdll.dll
0x00007ffed22e0000 - 0x00007ffed238b000 	C:\WINDOWS\System32\KERNEL32.DLL
0x00007ffea3b40000 - 0x00007ffea3b73000 	C:\Program Files\AVAST Software\Avast\x64\aswhooka.dll
0x00007ffeceb30000 - 0x00007ffeced4d000 	C:\WINDOWS\System32\KERNELBASE.dll
0x00007ffecfc70000 - 0x00007ffecfd12000 	C:\WINDOWS\System32\ADVAPI32.dll
0x00007ffecfbd0000 - 0x00007ffecfc6e000 	C:\WINDOWS\System32\msvcrt.dll
0x00007ffed00c0000 - 0x00007ffed0119000 	C:\WINDOWS\System32\sechost.dll
0x00007ffed24b0000 - 0x00007ffed25d1000 	C:\WINDOWS\System32\RPCRT4.dll
0x00007ffed01c0000 - 0x00007ffed0325000 	C:\WINDOWS\System32\USER32.dll
0x00007ffecef00000 - 0x00007ffecef1e000 	C:\WINDOWS\System32\win32u.dll
0x00007ffed0180000 - 0x00007ffed01b4000 	C:\WINDOWS\System32\GDI32.dll
0x00007ffecf720000 - 0x00007ffecf8a2000 	C:\WINDOWS\System32\gdi32full.dll
0x00007ffec22a0000 - 0x00007ffec2519000 	C:\WINDOWS\WinSxS\amd64_microsoft.windows.common-controls_6595b64144ccf1df_6.0.14393.447_none_42191651c6827bb3\COMCTL32.dll
0x00007ffed1fa0000 - 0x00007ffed2268000 	C:\WINDOWS\System32\combase.dll
0x00007ffecee00000 - 0x00007ffeceef5000 	C:\WINDOWS\System32\ucrtbase.dll
0x00007ffecf6b0000 - 0x00007ffecf71a000 	C:\WINDOWS\System32\bcryptPrimitives.dll
0x00007ffecfd40000 - 0x00007ffecfd6e000 	C:\WINDOWS\System32\IMM32.DLL
0x0000000068c50000 - 0x0000000068d22000 	C:\Android\Java_x64\jdk1.8.0_73\jre\bin\msvcr100.dll
0x0000000067590000 - 0x0000000067e20000 	C:\Android\Java_x64\jdk1.8.0_73\jre\bin\server\jvm.dll
0x00007ffed2440000 - 0x00007ffed2448000 	C:\WINDOWS\System32\PSAPI.DLL
0x00007ffeb4c30000 - 0x00007ffeb4c39000 	C:\WINDOWS\SYSTEM32\WSOCK32.dll
0x00007ffed0050000 - 0x00007ffed00ba000 	C:\WINDOWS\System32\WS2_32.dll
0x00007ffecc6c0000 - 0x00007ffecc6e3000 	C:\WINDOWS\SYSTEM32\WINMM.dll
0x00007ffecdb50000 - 0x00007ffecdb5a000 	C:\WINDOWS\SYSTEM32\VERSION.dll
0x00007ffecc5d0000 - 0x00007ffecc5fb000 	C:\WINDOWS\SYSTEM32\WINMMBASE.dll
0x00007ffecf660000 - 0x00007ffecf6a2000 	C:\WINDOWS\System32\cfgmgr32.dll
0x0000000069300000 - 0x000000006930f000 	C:\Android\Java_x64\jdk1.8.0_73\jre\bin\verify.dll
0x0000000068c20000 - 0x0000000068c49000 	C:\Android\Java_x64\jdk1.8.0_73\jre\bin\java.dll
0x0000000068c00000 - 0x0000000068c16000 	C:\Android\Java_x64\jdk1.8.0_73\jre\bin\zip.dll
0x00007ffed0330000 - 0x00007ffed1839000 	C:\WINDOWS\System32\SHELL32.dll
0x00007ffecef20000 - 0x00007ffecf5fa000 	C:\WINDOWS\System32\windows.storage.dll
0x00007ffeceae0000 - 0x00007ffeceb2c000 	C:\WINDOWS\System32\powrprof.dll
0x00007ffed0120000 - 0x00007ffed0172000 	C:\WINDOWS\System32\shlwapi.dll
0x00007ffecead0000 - 0x00007ffeceadf000 	C:\WINDOWS\System32\kernel.appcore.dll
0x00007ffeced50000 - 0x00007ffecedf9000 	C:\WINDOWS\System32\shcore.dll
0x00007ffeceaa0000 - 0x00007ffeceab4000 	C:\WINDOWS\System32\profapi.dll
0x0000000068be0000 - 0x0000000068bfa000 	C:\Android\Java_x64\jdk1.8.0_73\jre\bin\net.dll
0x00007ffece370000 - 0x00007ffece3cc000 	C:\WINDOWS\system32\mswsock.dll
0x0000000068bc0000 - 0x0000000068bd1000 	C:\Android\Java_x64\jdk1.8.0_73\jre\bin\nio.dll
0x00007ffec4470000 - 0x00007ffec448e000 	C:\Users\JuLiOBM\.gradle\native\23\windows-amd64\native-platform.dll
0x00007ffece510000 - 0x00007ffece527000 	C:\WINDOWS\SYSTEM32\CRYPTSP.dll
0x00007ffecdf80000 - 0x00007ffecdfb3000 	C:\WINDOWS\system32\rsaenh.dll
0x00007ffece9e0000 - 0x00007ffecea0b000 	C:\WINDOWS\SYSTEM32\bcrypt.dll
0x00007ffece1f0000 - 0x00007ffece20f000 	C:\WINDOWS\SYSTEM32\USERENV.dll
0x00007ffece9d0000 - 0x00007ffece9db000 	C:\WINDOWS\SYSTEM32\CRYPTBASE.dll
0x00007ffece100000 - 0x00007ffece138000 	C:\WINDOWS\SYSTEM32\IPHLPAPI.DLL
0x00007ffed2390000 - 0x00007ffed2398000 	C:\WINDOWS\System32\NSI.dll
0x00007ffec65e0000 - 0x00007ffec65f6000 	C:\WINDOWS\SYSTEM32\dhcpcsvc6.DLL
0x00007ffec65c0000 - 0x00007ffec65da000 	C:\WINDOWS\SYSTEM32\dhcpcsvc.DLL
0x0000000068bb0000 - 0x0000000068bbd000 	C:\Android\Java_x64\jdk1.8.0_73\jre\bin\management.dll

VM Arguments:
jvm_args: -Xmx1536m -Dfile.encoding=windows-1252 -Duser.country=MX -Duser.language=es -Duser.variant 
java_command: org.gradle.launcher.daemon.bootstrap.GradleDaemon 3.3
java_class_path (initial): C:\Users\JuLiOBM\.gradle\wrapper\dists\gradle-3.3-all\55gk2rcmfc6p2dg9u9ohc3hw9\gradle-3.3\lib\gradle-launcher-3.3.jar
Launcher Type: SUN_STANDARD

Environment Variables:
JAVA_HOME=C:\Program Files\Java\jdk1.8.0_73
PATH=C:\ProgramData\Oracle\Java\javapath;C:\Program Files (x86)\Common Files\Intel\Shared Files\cpp\bin\Intel64;C:\Program Files (x86)\Intel\iCLS Client\;C:\Program Files\Intel\iCLS Client\;C:\WINDOWS\system32;C:\WINDOWS;C:\WINDOWS\System32\Wbem;C:\WINDOWS\System32\WindowsPowerShell\v1.0\;C:\Program Files (x86)\Common Files\Acronis\SnapAPI\;C:\Program Files (x86)\Intel\Intel(R) Management Engine Components\DAL;C:\Program Files\Intel\Intel(R) Management Engine Components\DAL;C:\Program Files (x86)\Intel\Intel(R) Management Engine Components\IPT;C:\Program Files\Intel\Intel(R) Management Engine Components\IPT;C:\Program Files (x86)\Microsoft SQL Server\100\Tools\Binn\;C:\Program Files\Microsoft SQL Server\100\Tools\Binn\;C:\Program Files\Microsoft SQL Server\100\DTS\Binn\;C:\Program Files\Microsoft SQL Server\120\Tools\Binn\;C:\Program Files\Microsoft SQL Server\Client SDK\ODBC\110\Tools\Binn\;C:\Program Files (x86)\Microsoft SQL Server\120\Tools\Binn\;C:\Program Files\Microsoft SQL Server\120\DTS\Binn\;C:\Program Files (x86)\Microsoft SQL Server\120\Tools\Binn\ManagementStudio\;C:\Program Files (x86)\Microsoft SQL Server\120\DTS\Binn\;C:\Program Files (x86)\nodejs\;C:\Program Files\dotnet\;C:\Users\JuLiOBM\.dnx\bin;C:\Program Files\Microsoft DNX\Dnvm\;C:\Program Files (x86)\Windows Kits\8.1\Windows Performance Toolkit\;C:\Program Files\Microsoft SQL Server\130\Tools\Binn\;C:\Program Files\Git\cmd;C:\Program Files (x86)\Skype\Phone\;C:\Users\JuLiOBM\bin\Sencha\Cmd\6.1.3.42/..;C:\Program Files\Java\jdk1.8.0_73\bin;C:\Users\JuLiOBM\AppData\Roaming\npm;C:\Program Files (x86)\Microsoft VS Code\bin;C:\Users\JuLiOBM\AppData\Local\Microsoft\WindowsApps;C:\Users\JuLiOBM\AppData\Local\atom\bin
USERNAME=JuLiOBM
OS=Windows_NT
PROCESSOR_IDENTIFIER=Intel64 Family 6 Model 78 Stepping 3, GenuineIntel



---------------  S Y S T E M  ---------------

OS: Windows 10.0 , 64 bit Build 14393 (10.0.14393.0)

CPU:total 4 (2 cores per cpu, 2 threads per core) family 6 model 78 stepping 3, cmov, cx8, fxsr, mmx, sse, sse2, sse3, ssse3, sse4.1, sse4.2, popcnt, avx, avx2, aes, clmul, erms, 3dnowpref, lzcnt, ht, tsc, tscinvbit, bmi1, bmi2, adx

Memory: 4k page, physical 8282708k(1398196k free), swap 13217012k(4668k free)

vm_info: Java HotSpot(TM) 64-Bit Server VM (25.73-b02) for windows-amd64 JRE (1.8.0_73-b02), built on Jan 29 2016 17:38:49 by "java_re" with MS VC++ 10.0 (VS2010)

time: Tue Mar 21 12:07:52 2017
elapsed time: 10 seconds (0d 0h 0m 10s)

